<?xml version="1.0" encoding="UTF-8"?>
<!-- Generated by org.testng.reporters.JUnitXMLReporter -->
<testsuite ignored="3" hostname="Srikanth" failures="0" tests="1" name="Default test" time="7.954" errors="0" timestamp="2024-06-20T09:36:32 IST">
  <testcase classname="tutorialsNinja.Qa.TestCases.Regrister" name="verifyDifferentpasswords" time="1.048"/>
  <testcase classname="tutorialsNinja.Qa.TestCases.Regrister" name="givingSpacesintothefileds" time="0.0">
    <ignored/>
  </testcase> <!-- givingSpacesintothefileds -->
  <testcase classname="tutorialsNinja.Qa.TestCases.Regrister" name="regristerWithoutprovidinganydetails" time="0.0">
    <ignored/>
  </testcase> <!-- regristerWithoutprovidinganydetails -->
  <testcase classname="tutorialsNinja.Qa.TestCases.Regrister" name="regrsiteronlyMandatoryfields" time="0.0">
    <ignored/>
  </testcase> <!-- regrsiteronlyMandatoryfields -->
</testsuite> <!-- Default test -->
