<?xml version="1.0" encoding="UTF-8"?>
<testng-results ignored="0" total="7" passed="5" failed="2" skipped="0">
  <reporter-output>
  </reporter-output>
  <suite started-at="2024-06-20T14:59:09 IST" name="Suite" finished-at="2024-06-20T14:59:44 IST" duration-ms="35510">
    <groups>
    </groups>
    <test started-at="2024-06-20T14:59:09 IST" name="Test" finished-at="2024-06-20T14:59:44 IST" duration-ms="35510">
      <class name="tutorialsNinja.Qa.TestCases.Login">
        <test-method is-config="true" signature="Setup()[pri:0, instance:tutorialsNinja.Qa.TestCases.Login@9d5509a]" started-at="2024-06-20T14:59:09 IST" name="Setup" finished-at="2024-06-20T14:59:13 IST" duration-ms="4343" status="PASS">
          <reporter-output>
          </reporter-output>
        </test-method> <!-- Setup -->
        <test-method signature="verfiyLoginwithInvalidCreditionals()[pri:0, instance:tutorialsNinja.Qa.TestCases.Login@9d5509a]" started-at="2024-06-20T14:59:13 IST" name="verfiyLoginwithInvalidCreditionals" finished-at="2024-06-20T14:59:14 IST" duration-ms="328" status="FAIL">
          <exception class="java.lang.NullPointerException">
            <message>
              <![CDATA[Cannot invoke "java.util.Properties.getProperty(String)" because "this.dataprop" is null]]>
            </message>
            <full-stacktrace>
              <![CDATA[java.lang.NullPointerException: Cannot invoke "java.util.Properties.getProperty(String)" because "this.dataprop" is null
at tutorialsNinja.Qa.TestCases.Login.verfiyLoginwithInvalidCreditionals(Login.java:85)
at java.base/jdk.internal.reflect.DirectMethodHandleAccessor.invoke(DirectMethodHandleAccessor.java:103)
at java.base/java.lang.reflect.Method.invoke(Method.java:580)
at org.testng.internal.invokers.MethodInvocationHelper.invokeMethod(MethodInvocationHelper.java:141)
at org.testng.internal.invokers.TestInvoker.invokeMethod(TestInvoker.java:686)
at org.testng.internal.invokers.TestInvoker.invokeTestMethod(TestInvoker.java:230)
at org.testng.internal.invokers.MethodRunner.runInSequence(MethodRunner.java:63)
at org.testng.internal.invokers.TestInvoker$MethodInvocationAgent.invoke(TestInvoker.java:992)
at org.testng.internal.invokers.TestInvoker.invokeTestMethods(TestInvoker.java:203)
at org.testng.internal.invokers.TestMethodWorker.invokeTestMethods(TestMethodWorker.java:154)
at org.testng.internal.invokers.TestMethodWorker.run(TestMethodWorker.java:134)
at java.base/java.util.ArrayList.forEach(ArrayList.java:1597)
at org.testng.TestRunner.privateRun(TestRunner.java:739)
at org.testng.TestRunner.run(TestRunner.java:614)
at org.testng.SuiteRunner.runTest(SuiteRunner.java:421)
at org.testng.SuiteRunner.runSequentially(SuiteRunner.java:413)
at org.testng.SuiteRunner.privateRun(SuiteRunner.java:373)
at org.testng.SuiteRunner.run(SuiteRunner.java:312)
at org.testng.SuiteRunnerWorker.runSuite(SuiteRunnerWorker.java:52)
at org.testng.SuiteRunnerWorker.run(SuiteRunnerWorker.java:95)
at org.testng.TestNG.runSuitesSequentially(TestNG.java:1274)
at org.testng.TestNG.runSuitesLocally(TestNG.java:1208)
at org.testng.TestNG.runSuites(TestNG.java:1112)
at org.testng.TestNG.run(TestNG.java:1079)
at org.testng.remote.AbstractRemoteTestNG.run(AbstractRemoteTestNG.java:115)
at org.testng.remote.RemoteTestNG.initAndRun(RemoteTestNG.java:293)
at org.testng.remote.RemoteTestNG.main(RemoteTestNG.java:91)
]]>
            </full-stacktrace>
          </exception> <!-- java.lang.NullPointerException -->
          <reporter-output>
          </reporter-output>
        </test-method> <!-- verfiyLoginwithInvalidCreditionals -->
        <test-method is-config="true" signature="Quitbrowser()[pri:0, instance:tutorialsNinja.Qa.TestCases.Login@9d5509a]" started-at="2024-06-20T14:59:14 IST" name="Quitbrowser" finished-at="2024-06-20T14:59:14 IST" duration-ms="203" status="PASS">
          <reporter-output>
          </reporter-output>
        </test-method> <!-- Quitbrowser -->
        <test-method signature="verfiyloginintoapplicationandbrowsingback(java.lang.String,java.lang.String)[pri:0, instance:tutorialsNinja.Qa.TestCases.Login@9d5509a]" started-at="2024-06-20T14:59:14 IST" name="verfiyloginintoapplicationandbrowsingback" finished-at="2024-06-20T14:59:14 IST" duration-ms="0" status="FAIL">
          <exception class="org.testng.TestNGException">
            <message>
              <![CDATA[
Method public void tutorialsNinja.Qa.TestCases.Login.verfiyloginintoapplicationandbrowsingback(java.lang.String,java.lang.String) throws java.lang.Exception requires a @DataProvider named : readexcelvalue]]>
            </message>
            <full-stacktrace>
              <![CDATA[org.testng.TestNGException: 
Method public void tutorialsNinja.Qa.TestCases.Login.verfiyloginintoapplicationandbrowsingback(java.lang.String,java.lang.String) throws java.lang.Exception requires a @DataProvider named : readexcelvalue
at org.testng.internal.Parameters.findDataProvider(Parameters.java:532)
at org.testng.internal.Parameters.handleParameters(Parameters.java:769)
at org.testng.internal.Parameters.handleParameters(Parameters.java:734)
at org.testng.internal.invokers.ParameterHandler.handleParameters(ParameterHandler.java:72)
at org.testng.internal.invokers.ParameterHandler.createParameters(ParameterHandler.java:51)
at org.testng.internal.invokers.TestInvoker$MethodInvocationAgent.invoke(TestInvoker.java:946)
at org.testng.internal.invokers.TestInvoker.invokeTestMethods(TestInvoker.java:203)
at org.testng.internal.invokers.TestMethodWorker.invokeTestMethods(TestMethodWorker.java:154)
at org.testng.internal.invokers.TestMethodWorker.run(TestMethodWorker.java:134)
at java.base/java.util.ArrayList.forEach(ArrayList.java:1597)
at org.testng.TestRunner.privateRun(TestRunner.java:739)
at org.testng.TestRunner.run(TestRunner.java:614)
at org.testng.SuiteRunner.runTest(SuiteRunner.java:421)
at org.testng.SuiteRunner.runSequentially(SuiteRunner.java:413)
at org.testng.SuiteRunner.privateRun(SuiteRunner.java:373)
at org.testng.SuiteRunner.run(SuiteRunner.java:312)
at org.testng.SuiteRunnerWorker.runSuite(SuiteRunnerWorker.java:52)
at org.testng.SuiteRunnerWorker.run(SuiteRunnerWorker.java:95)
at org.testng.TestNG.runSuitesSequentially(TestNG.java:1274)
at org.testng.TestNG.runSuitesLocally(TestNG.java:1208)
at org.testng.TestNG.runSuites(TestNG.java:1112)
at org.testng.TestNG.run(TestNG.java:1079)
at org.testng.remote.AbstractRemoteTestNG.run(AbstractRemoteTestNG.java:115)
at org.testng.remote.RemoteTestNG.initAndRun(RemoteTestNG.java:293)
at org.testng.remote.RemoteTestNG.main(RemoteTestNG.java:91)
]]>
            </full-stacktrace>
          </exception> <!-- org.testng.TestNGException -->
          <reporter-output>
          </reporter-output>
        </test-method> <!-- verfiyloginintoapplicationandbrowsingback -->
        <test-method is-config="true" signature="Setup()[pri:0, instance:tutorialsNinja.Qa.TestCases.Login@9d5509a]" started-at="2024-06-20T14:59:14 IST" name="Setup" finished-at="2024-06-20T14:59:17 IST" duration-ms="2703" status="PASS">
          <reporter-output>
          </reporter-output>
        </test-method> <!-- Setup -->
        <test-method signature="verfiywithInvalidEmailandValidPassword()[pri:0, instance:tutorialsNinja.Qa.TestCases.Login@9d5509a]" started-at="2024-06-20T14:59:17 IST" name="verfiywithInvalidEmailandValidPassword" finished-at="2024-06-20T14:59:19 IST" duration-ms="2905" status="PASS">
          <reporter-output>
          </reporter-output>
        </test-method> <!-- verfiywithInvalidEmailandValidPassword -->
        <test-method is-config="true" signature="Quitbrowser()[pri:0, instance:tutorialsNinja.Qa.TestCases.Login@9d5509a]" started-at="2024-06-20T14:59:19 IST" name="Quitbrowser" finished-at="2024-06-20T14:59:20 IST" duration-ms="453" status="PASS">
          <reporter-output>
          </reporter-output>
        </test-method> <!-- Quitbrowser -->
        <test-method is-config="true" signature="Setup()[pri:0, instance:tutorialsNinja.Qa.TestCases.Login@9d5509a]" started-at="2024-06-20T14:59:20 IST" name="Setup" finished-at="2024-06-20T14:59:22 IST" duration-ms="2569" status="PASS">
          <reporter-output>
          </reporter-output>
        </test-method> <!-- Setup -->
        <test-method signature="verfiywithoutprovidinganycreditionals()[pri:0, instance:tutorialsNinja.Qa.TestCases.Login@9d5509a]" started-at="2024-06-20T14:59:22 IST" name="verfiywithoutprovidinganycreditionals" finished-at="2024-06-20T14:59:23 IST" duration-ms="472" status="PASS">
          <reporter-output>
          </reporter-output>
        </test-method> <!-- verfiywithoutprovidinganycreditionals -->
        <test-method is-config="true" signature="Quitbrowser()[pri:0, instance:tutorialsNinja.Qa.TestCases.Login@9d5509a]" started-at="2024-06-20T14:59:23 IST" name="Quitbrowser" finished-at="2024-06-20T14:59:23 IST" duration-ms="239" status="PASS">
          <reporter-output>
          </reporter-output>
        </test-method> <!-- Quitbrowser -->
        <test-method is-config="true" signature="Setup()[pri:0, instance:tutorialsNinja.Qa.TestCases.Login@9d5509a]" started-at="2024-06-20T14:59:23 IST" name="Setup" finished-at="2024-06-20T14:59:27 IST" duration-ms="3980" status="PASS">
          <reporter-output>
          </reporter-output>
        </test-method> <!-- Setup -->
        <test-method signature="verifyLoginwithValidCreditionals(java.lang.String,java.lang.String)[pri:0, instance:tutorialsNinja.Qa.TestCases.Login@9d5509a]" started-at="2024-06-20T14:59:27 IST" name="verifyLoginwithValidCreditionals" data-provider="login" finished-at="2024-06-20T14:59:30 IST" duration-ms="3199" status="PASS">
          <params>
            <param index="0">
              <value>
                <![CDATA[srikanth36@gmail.com]]>
              </value>
            </param>
            <param index="1">
              <value>
                <![CDATA[123456]]>
              </value>
            </param>
          </params>
          <reporter-output>
          </reporter-output>
        </test-method> <!-- verifyLoginwithValidCreditionals -->
        <test-method is-config="true" signature="Quitbrowser()[pri:0, instance:tutorialsNinja.Qa.TestCases.Login@9d5509a]" started-at="2024-06-20T14:59:30 IST" name="Quitbrowser" finished-at="2024-06-20T14:59:31 IST" duration-ms="268" status="PASS">
          <reporter-output>
          </reporter-output>
        </test-method> <!-- Quitbrowser -->
        <test-method is-config="true" signature="Setup()[pri:0, instance:tutorialsNinja.Qa.TestCases.Login@9d5509a]" started-at="2024-06-20T14:59:31 IST" name="Setup" finished-at="2024-06-20T14:59:34 IST" duration-ms="3681" status="PASS">
          <reporter-output>
          </reporter-output>
        </test-method> <!-- Setup -->
        <test-method signature="verifyLoginwithValidCreditionals(java.lang.String,java.lang.String)[pri:0, instance:tutorialsNinja.Qa.TestCases.Login@9d5509a]" started-at="2024-06-20T14:59:34 IST" name="verifyLoginwithValidCreditionals" data-provider="login" finished-at="2024-06-20T14:59:37 IST" duration-ms="2912" status="PASS">
          <params>
            <param index="0">
              <value>
                <![CDATA[srikanth998765@gmail.com]]>
              </value>
            </param>
            <param index="1">
              <value>
                <![CDATA[98765]]>
              </value>
            </param>
          </params>
          <reporter-output>
          </reporter-output>
        </test-method> <!-- verifyLoginwithValidCreditionals -->
        <test-method is-config="true" signature="Quitbrowser()[pri:0, instance:tutorialsNinja.Qa.TestCases.Login@9d5509a]" started-at="2024-06-20T14:59:37 IST" name="Quitbrowser" finished-at="2024-06-20T14:59:37 IST" duration-ms="238" status="PASS">
          <reporter-output>
          </reporter-output>
        </test-method> <!-- Quitbrowser -->
        <test-method is-config="true" signature="Setup()[pri:0, instance:tutorialsNinja.Qa.TestCases.Login@9d5509a]" started-at="2024-06-20T14:59:37 IST" name="Setup" finished-at="2024-06-20T14:59:41 IST" duration-ms="3744" status="PASS">
          <reporter-output>
          </reporter-output>
        </test-method> <!-- Setup -->
        <test-method signature="verifyLoginwithValidCreditionals(java.lang.String,java.lang.String)[pri:0, instance:tutorialsNinja.Qa.TestCases.Login@9d5509a]" started-at="2024-06-20T14:59:41 IST" name="verifyLoginwithValidCreditionals" data-provider="login" finished-at="2024-06-20T14:59:44 IST" duration-ms="2765" status="PASS">
          <params>
            <param index="0">
              <value>
                <![CDATA[srikanth998765@gmail.com]]>
              </value>
            </param>
            <param index="1">
              <value>
                <![CDATA[2345]]>
              </value>
            </param>
          </params>
          <reporter-output>
          </reporter-output>
        </test-method> <!-- verifyLoginwithValidCreditionals -->
        <test-method is-config="true" signature="Quitbrowser()[pri:0, instance:tutorialsNinja.Qa.TestCases.Login@9d5509a]" started-at="2024-06-20T14:59:44 IST" name="Quitbrowser" finished-at="2024-06-20T14:59:44 IST" duration-ms="218" status="PASS">
          <reporter-output>
          </reporter-output>
        </test-method> <!-- Quitbrowser -->
      </class> <!-- tutorialsNinja.Qa.TestCases.Login -->
    </test> <!-- Test -->
  </suite> <!-- Suite -->
</testng-results>
